Mon Aug 27 2018 21:44:42 GMT+0700 (SE Asia Standard Time)
GET
locallhost:3000/about
Mon Aug 27 2018 21:58:49 GMT+0700 (SE Asia Standard Time)
GET
locallhost:3000/about
Mon Aug 27 2018 21:58:51 GMT+0700 (SE Asia Standard Time)
GET
locallhost:3000/about
Mon Aug 27 2018 21:58:52 GMT+0700 (SE Asia Standard Time)
GET
locallhost:3000/
Mon Aug 27 2018 21:58:52 GMT+0700 (SE Asia Standard Time)
GET
locallhost:3000/about
Mon Aug 27 2018 21:58:54 GMT+0700 (SE Asia Standard Time)
GET
locallhost:3000/
Mon Aug 27 2018 21:58:55 GMT+0700 (SE Asia Standard Time)
GET
locallhost:3000/about
Mon Aug 27 2018 21:58:56 GMT+0700 (SE Asia Standard Time)
GET
locallhost:3000/
Mon Aug 27 2018 22:09:46 GMT+0700 (SE Asia Standard Time)
GET
locallhost:3000/help.html
